2020-07-21 17:31:18,178 0      [           main] DEBUG ache.ibatis.logging.LogFactory  - Logging initialized using 'class org.apache.ibatis.logging.log4j.Log4jImpl' adapter.
2020-07-21 17:31:18,908 730    [           main] DEBUG source.pooled.PooledDataSource  - PooledDataSource forcefully closed/removed all connections.
2020-07-21 17:31:18,908 730    [           main] DEBUG source.pooled.PooledDataSource  - PooledDataSource forcefully closed/removed all connections.
2020-07-21 17:31:18,908 730    [           main] DEBUG source.pooled.PooledDataSource  - PooledDataSource forcefully closed/removed all connections.
2020-07-21 17:31:18,908 730    [           main] DEBUG source.pooled.PooledDataSource  - PooledDataSource forcefully closed/removed all connections.
2020-07-21 17:32:31,541 0      [           main] DEBUG ache.ibatis.logging.LogFactory  - Logging initialized using 'class org.apache.ibatis.logging.log4j.Log4jImpl' adapter.
2020-07-21 17:32:31,902 361    [           main] DEBUG source.pooled.PooledDataSource  - PooledDataSource forcefully closed/removed all connections.
2020-07-21 17:32:31,903 362    [           main] DEBUG source.pooled.PooledDataSource  - PooledDataSource forcefully closed/removed all connections.
2020-07-21 17:32:31,904 363    [           main] DEBUG source.pooled.PooledDataSource  - PooledDataSource forcefully closed/removed all connections.
2020-07-21 17:32:31,904 363    [           main] DEBUG source.pooled.PooledDataSource  - PooledDataSource forcefully closed/removed all connections.
2020-07-21 17:33:17,034 0      [           main] DEBUG ache.ibatis.logging.LogFactory  - Logging initialized using 'class org.apache.ibatis.logging.log4j.Log4jImpl' adapter.
2020-07-21 17:33:17,385 351    [           main] DEBUG source.pooled.PooledDataSource  - PooledDataSource forcefully closed/removed all connections.
2020-07-21 17:33:17,385 351    [           main] DEBUG source.pooled.PooledDataSource  - PooledDataSource forcefully closed/removed all connections.
2020-07-21 17:33:17,385 351    [           main] DEBUG source.pooled.PooledDataSource  - PooledDataSource forcefully closed/removed all connections.
2020-07-21 17:33:17,385 351    [           main] DEBUG source.pooled.PooledDataSource  - PooledDataSource forcefully closed/removed all connections.
2020-07-21 17:33:17,605 571    [           main] DEBUG ansaction.jdbc.JdbcTransaction  - Opening JDBC Connection
2020-07-21 17:33:18,471 1437   [           main] DEBUG source.pooled.PooledDataSource  - Created connection 1836463382.
2020-07-21 17:33:18,473 1439   [           main] DEBUG ansaction.jdbc.JdbcTransaction  - Setting autocommit to false on JDBC Connection [com.mysql.cj.jdbc.ConnectionImpl@6d763516]
2020-07-21 17:33:18,479 1445   [           main] DEBUG m.mybatis.dao.IUserDao.findAll  - ==>  Preparing: SELECT * FROM user 
2020-07-21 17:33:18,532 1498   [           main] DEBUG m.mybatis.dao.IUserDao.findAll  - ==> Parameters: 
2020-07-21 17:34:07,077 0      [           main] DEBUG ache.ibatis.logging.LogFactory  - Logging initialized using 'class org.apache.ibatis.logging.log4j.Log4jImpl' adapter.
2020-07-21 17:34:07,408 331    [           main] DEBUG source.pooled.PooledDataSource  - PooledDataSource forcefully closed/removed all connections.
2020-07-21 17:34:07,408 331    [           main] DEBUG source.pooled.PooledDataSource  - PooledDataSource forcefully closed/removed all connections.
2020-07-21 17:34:07,409 332    [           main] DEBUG source.pooled.PooledDataSource  - PooledDataSource forcefully closed/removed all connections.
2020-07-21 17:34:07,409 332    [           main] DEBUG source.pooled.PooledDataSource  - PooledDataSource forcefully closed/removed all connections.
2020-07-21 17:35:06,736 0      [           main] DEBUG ache.ibatis.logging.LogFactory  - Logging initialized using 'class org.apache.ibatis.logging.log4j.Log4jImpl' adapter.
2020-07-21 17:35:07,028 292    [           main] DEBUG source.pooled.PooledDataSource  - PooledDataSource forcefully closed/removed all connections.
2020-07-21 17:35:07,028 292    [           main] DEBUG source.pooled.PooledDataSource  - PooledDataSource forcefully closed/removed all connections.
2020-07-21 17:35:07,028 292    [           main] DEBUG source.pooled.PooledDataSource  - PooledDataSource forcefully closed/removed all connections.
2020-07-21 17:35:07,028 292    [           main] DEBUG source.pooled.PooledDataSource  - PooledDataSource forcefully closed/removed all connections.
2020-07-21 17:35:07,144 408    [           main] DEBUG ansaction.jdbc.JdbcTransaction  - Opening JDBC Connection
2020-07-21 17:35:08,038 1302   [           main] DEBUG source.pooled.PooledDataSource  - Created connection 1836463382.
2020-07-21 17:35:08,038 1302   [           main] DEBUG ansaction.jdbc.JdbcTransaction  - Setting autocommit to false on JDBC Connection [com.mysql.cj.jdbc.ConnectionImpl@6d763516]
2020-07-21 17:35:08,040 1304   [           main] DEBUG m.mybatis.dao.IUserDao.findAll  - ==>  Preparing: SELECT * FROM user 
2020-07-21 17:35:08,129 1393   [           main] DEBUG m.mybatis.dao.IUserDao.findAll  - ==> Parameters: 
2020-07-21 17:35:08,171 1435   [           main] DEBUG m.mybatis.dao.IUserDao.findAll  - <==      Total: 6
2020-07-21 17:35:08,177 1441   [           main] DEBUG ansaction.jdbc.JdbcTransaction  - Resetting autocommit to true on JDBC Connection [com.mysql.cj.jdbc.ConnectionImpl@6d763516]
2020-07-21 17:35:08,180 1444   [           main] DEBUG ansaction.jdbc.JdbcTransaction  - Closing JDBC Connection [com.mysql.cj.jdbc.ConnectionImpl@6d763516]
2020-07-21 17:35:08,181 1445   [           main] DEBUG source.pooled.PooledDataSource  - Returned connection 1836463382 to pool.
2020-07-21 20:34:36,714 0      [           main] DEBUG ache.ibatis.logging.LogFactory  - Logging initialized using 'class org.apache.ibatis.logging.log4j.Log4jImpl' adapter.
2020-07-21 20:34:37,051 337    [           main] DEBUG source.pooled.PooledDataSource  - PooledDataSource forcefully closed/removed all connections.
2020-07-21 20:34:37,052 338    [           main] DEBUG source.pooled.PooledDataSource  - PooledDataSource forcefully closed/removed all connections.
2020-07-21 20:34:37,052 338    [           main] DEBUG source.pooled.PooledDataSource  - PooledDataSource forcefully closed/removed all connections.
2020-07-21 20:34:37,052 338    [           main] DEBUG source.pooled.PooledDataSource  - PooledDataSource forcefully closed/removed all connections.
2020-07-21 20:38:03,910 0      [           main] DEBUG ache.ibatis.logging.LogFactory  - Logging initialized using 'class org.apache.ibatis.logging.log4j.Log4jImpl' adapter.
2020-07-21 20:38:04,216 306    [           main] DEBUG source.pooled.PooledDataSource  - PooledDataSource forcefully closed/removed all connections.
2020-07-21 20:38:04,218 308    [           main] DEBUG source.pooled.PooledDataSource  - PooledDataSource forcefully closed/removed all connections.
2020-07-21 20:38:04,219 309    [           main] DEBUG source.pooled.PooledDataSource  - PooledDataSource forcefully closed/removed all connections.
2020-07-21 20:38:04,219 309    [           main] DEBUG source.pooled.PooledDataSource  - PooledDataSource forcefully closed/removed all connections.
2020-07-21 20:38:04,349 439    [           main] DEBUG ansaction.jdbc.JdbcTransaction  - Opening JDBC Connection
2020-07-21 20:38:05,152 1242   [           main] DEBUG source.pooled.PooledDataSource  - Created connection 1836463382.
2020-07-21 20:38:05,152 1242   [           main] DEBUG ansaction.jdbc.JdbcTransaction  - Setting autocommit to false on JDBC Connection [com.mysql.cj.jdbc.ConnectionImpl@6d763516]
2020-07-21 20:38:05,156 1246   [           main] DEBUG m.mybatis.dao.IUserDao.findAll  - ==>  Preparing: SELECT * FROM user 
2020-07-21 20:38:05,213 1303   [           main] DEBUG m.mybatis.dao.IUserDao.findAll  - ==> Parameters: 
2020-07-21 20:38:05,288 1378   [           main] DEBUG m.mybatis.dao.IUserDao.findAll  - <==      Total: 6
2020-07-21 20:38:05,295 1385   [           main] DEBUG ansaction.jdbc.JdbcTransaction  - Resetting autocommit to true on JDBC Connection [com.mysql.cj.jdbc.ConnectionImpl@6d763516]
2020-07-21 20:38:05,296 1386   [           main] DEBUG ansaction.jdbc.JdbcTransaction  - Closing JDBC Connection [com.mysql.cj.jdbc.ConnectionImpl@6d763516]
2020-07-21 20:38:05,297 1387   [           main] DEBUG source.pooled.PooledDataSource  - Returned connection 1836463382 to pool.
