2020-07-28 17:03:51,198 0      [           main] DEBUG ache.ibatis.logging.LogFactory  - Logging initialized using 'class org.apache.ibatis.logging.log4j.Log4jImpl' adapter.
2020-07-28 17:03:51,818 620    [           main] DEBUG source.pooled.PooledDataSource  - PooledDataSource forcefully closed/removed all connections.
2020-07-28 17:03:51,818 620    [           main] DEBUG source.pooled.PooledDataSource  - PooledDataSource forcefully closed/removed all connections.
2020-07-28 17:03:51,819 621    [           main] DEBUG source.pooled.PooledDataSource  - PooledDataSource forcefully closed/removed all connections.
2020-07-28 17:03:51,825 627    [           main] DEBUG source.pooled.PooledDataSource  - PooledDataSource forcefully closed/removed all connections.
2020-07-28 17:05:08,442 0      [           main] DEBUG ache.ibatis.logging.LogFactory  - Logging initialized using 'class org.apache.ibatis.logging.log4j.Log4jImpl' adapter.
2020-07-28 17:05:08,765 323    [           main] DEBUG source.pooled.PooledDataSource  - PooledDataSource forcefully closed/removed all connections.
2020-07-28 17:05:08,766 324    [           main] DEBUG source.pooled.PooledDataSource  - PooledDataSource forcefully closed/removed all connections.
2020-07-28 17:05:08,766 324    [           main] DEBUG source.pooled.PooledDataSource  - PooledDataSource forcefully closed/removed all connections.
2020-07-28 17:05:08,766 324    [           main] DEBUG source.pooled.PooledDataSource  - PooledDataSource forcefully closed/removed all connections.
2020-07-28 17:08:55,339 0      [           main] DEBUG ache.ibatis.logging.LogFactory  - Logging initialized using 'class org.apache.ibatis.logging.log4j.Log4jImpl' adapter.
2020-07-28 17:08:55,740 401    [           main] DEBUG source.pooled.PooledDataSource  - PooledDataSource forcefully closed/removed all connections.
2020-07-28 17:08:55,741 402    [           main] DEBUG source.pooled.PooledDataSource  - PooledDataSource forcefully closed/removed all connections.
2020-07-28 17:08:55,742 403    [           main] DEBUG source.pooled.PooledDataSource  - PooledDataSource forcefully closed/removed all connections.
2020-07-28 17:08:55,742 403    [           main] DEBUG source.pooled.PooledDataSource  - PooledDataSource forcefully closed/removed all connections.
2020-07-28 17:09:11,469 0      [           main] DEBUG ache.ibatis.logging.LogFactory  - Logging initialized using 'class org.apache.ibatis.logging.log4j.Log4jImpl' adapter.
2020-07-28 17:09:11,792 323    [           main] DEBUG source.pooled.PooledDataSource  - PooledDataSource forcefully closed/removed all connections.
2020-07-28 17:09:11,793 324    [           main] DEBUG source.pooled.PooledDataSource  - PooledDataSource forcefully closed/removed all connections.
2020-07-28 17:09:11,793 324    [           main] DEBUG source.pooled.PooledDataSource  - PooledDataSource forcefully closed/removed all connections.
2020-07-28 17:09:11,794 325    [           main] DEBUG source.pooled.PooledDataSource  - PooledDataSource forcefully closed/removed all connections.
2020-07-28 17:10:15,885 0      [           main] DEBUG ache.ibatis.logging.LogFactory  - Logging initialized using 'class org.apache.ibatis.logging.log4j.Log4jImpl' adapter.
2020-07-28 17:10:16,474 589    [           main] DEBUG source.pooled.PooledDataSource  - PooledDataSource forcefully closed/removed all connections.
2020-07-28 17:10:16,474 589    [           main] DEBUG source.pooled.PooledDataSource  - PooledDataSource forcefully closed/removed all connections.
2020-07-28 17:10:16,474 589    [           main] DEBUG source.pooled.PooledDataSource  - PooledDataSource forcefully closed/removed all connections.
2020-07-28 17:10:16,474 589    [           main] DEBUG source.pooled.PooledDataSource  - PooledDataSource forcefully closed/removed all connections.
2020-07-28 17:12:23,360 0      [           main] DEBUG ache.ibatis.logging.LogFactory  - Logging initialized using 'class org.apache.ibatis.logging.log4j.Log4jImpl' adapter.
2020-07-28 17:12:23,709 349    [           main] DEBUG source.pooled.PooledDataSource  - PooledDataSource forcefully closed/removed all connections.
2020-07-28 17:12:23,709 349    [           main] DEBUG source.pooled.PooledDataSource  - PooledDataSource forcefully closed/removed all connections.
2020-07-28 17:12:23,710 350    [           main] DEBUG source.pooled.PooledDataSource  - PooledDataSource forcefully closed/removed all connections.
2020-07-28 17:12:23,710 350    [           main] DEBUG source.pooled.PooledDataSource  - PooledDataSource forcefully closed/removed all connections.
2020-07-28 17:16:44,855 0      [           main] DEBUG ache.ibatis.logging.LogFactory  - Logging initialized using 'class org.apache.ibatis.logging.log4j.Log4jImpl' adapter.
2020-07-28 17:16:45,168 313    [           main] DEBUG source.pooled.PooledDataSource  - PooledDataSource forcefully closed/removed all connections.
2020-07-28 17:16:45,169 314    [           main] DEBUG source.pooled.PooledDataSource  - PooledDataSource forcefully closed/removed all connections.
2020-07-28 17:16:45,169 314    [           main] DEBUG source.pooled.PooledDataSource  - PooledDataSource forcefully closed/removed all connections.
2020-07-28 17:16:45,169 314    [           main] DEBUG source.pooled.PooledDataSource  - PooledDataSource forcefully closed/removed all connections.
2020-07-28 17:17:44,093 0      [           main] DEBUG ache.ibatis.logging.LogFactory  - Logging initialized using 'class org.apache.ibatis.logging.log4j.Log4jImpl' adapter.
2020-07-28 17:17:44,363 270    [           main] DEBUG source.pooled.PooledDataSource  - PooledDataSource forcefully closed/removed all connections.
2020-07-28 17:17:44,365 272    [           main] DEBUG source.pooled.PooledDataSource  - PooledDataSource forcefully closed/removed all connections.
2020-07-28 17:17:44,365 272    [           main] DEBUG source.pooled.PooledDataSource  - PooledDataSource forcefully closed/removed all connections.
2020-07-28 17:17:44,365 272    [           main] DEBUG source.pooled.PooledDataSource  - PooledDataSource forcefully closed/removed all connections.
2020-07-28 17:18:29,732 0      [           main] DEBUG ache.ibatis.logging.LogFactory  - Logging initialized using 'class org.apache.ibatis.logging.log4j.Log4jImpl' adapter.
2020-07-28 17:18:30,012 280    [           main] DEBUG source.pooled.PooledDataSource  - PooledDataSource forcefully closed/removed all connections.
2020-07-28 17:18:30,013 281    [           main] DEBUG source.pooled.PooledDataSource  - PooledDataSource forcefully closed/removed all connections.
2020-07-28 17:18:30,013 281    [           main] DEBUG source.pooled.PooledDataSource  - PooledDataSource forcefully closed/removed all connections.
2020-07-28 17:18:30,013 281    [           main] DEBUG source.pooled.PooledDataSource  - PooledDataSource forcefully closed/removed all connections.
2020-07-28 17:27:19,509 0      [           main] DEBUG ache.ibatis.logging.LogFactory  - Logging initialized using 'class org.apache.ibatis.logging.log4j.Log4jImpl' adapter.
2020-07-28 17:27:19,973 464    [           main] DEBUG source.pooled.PooledDataSource  - PooledDataSource forcefully closed/removed all connections.
2020-07-28 17:27:19,974 465    [           main] DEBUG source.pooled.PooledDataSource  - PooledDataSource forcefully closed/removed all connections.
2020-07-28 17:27:19,974 465    [           main] DEBUG source.pooled.PooledDataSource  - PooledDataSource forcefully closed/removed all connections.
2020-07-28 17:27:19,974 465    [           main] DEBUG source.pooled.PooledDataSource  - PooledDataSource forcefully closed/removed all connections.
2020-07-28 17:30:59,179 0      [           main] DEBUG ache.ibatis.logging.LogFactory  - Logging initialized using 'class org.apache.ibatis.logging.log4j.Log4jImpl' adapter.
2020-07-28 17:30:59,460 281    [           main] DEBUG source.pooled.PooledDataSource  - PooledDataSource forcefully closed/removed all connections.
2020-07-28 17:30:59,460 281    [           main] DEBUG source.pooled.PooledDataSource  - PooledDataSource forcefully closed/removed all connections.
2020-07-28 17:30:59,460 281    [           main] DEBUG source.pooled.PooledDataSource  - PooledDataSource forcefully closed/removed all connections.
2020-07-28 17:30:59,460 281    [           main] DEBUG source.pooled.PooledDataSource  - PooledDataSource forcefully closed/removed all connections.
2020-07-28 17:30:59,811 632    [           main] DEBUG ansaction.jdbc.JdbcTransaction  - Opening JDBC Connection
2020-07-28 17:31:00,701 1522   [           main] DEBUG source.pooled.PooledDataSource  - Created connection 63390.
2020-07-28 17:31:00,703 1524   [           main] DEBUG ansaction.jdbc.JdbcTransaction  - Setting autocommit to false on JDBC Connection [com.mysql.cj.jdbc.ConnectionImpl@f79e]
2020-07-28 17:31:00,705 1526   [           main] DEBUG o.IUserDao.findUserByCondition  - ==>  Preparing: and username = ? 
2020-07-28 17:31:00,818 1639   [           main] DEBUG o.IUserDao.findUserByCondition  - ==> Parameters: 老王(String)
2020-07-28 17:31:00,844 1665   [           main] DEBUG ansaction.jdbc.JdbcTransaction  - Resetting autocommit to true on JDBC Connection [com.mysql.cj.jdbc.ConnectionImpl@f79e]
2020-07-28 17:31:00,846 1667   [           main] DEBUG ansaction.jdbc.JdbcTransaction  - Closing JDBC Connection [com.mysql.cj.jdbc.ConnectionImpl@f79e]
2020-07-28 17:31:00,846 1667   [           main] DEBUG source.pooled.PooledDataSource  - Returned connection 63390 to pool.
2020-07-28 17:35:03,743 2      [           main] DEBUG ache.ibatis.logging.LogFactory  - Logging initialized using 'class org.apache.ibatis.logging.log4j.Log4jImpl' adapter.
2020-07-28 17:35:04,576 835    [           main] DEBUG source.pooled.PooledDataSource  - PooledDataSource forcefully closed/removed all connections.
2020-07-28 17:35:04,580 839    [           main] DEBUG source.pooled.PooledDataSource  - PooledDataSource forcefully closed/removed all connections.
2020-07-28 17:35:04,581 840    [           main] DEBUG source.pooled.PooledDataSource  - PooledDataSource forcefully closed/removed all connections.
2020-07-28 17:35:04,582 841    [           main] DEBUG source.pooled.PooledDataSource  - PooledDataSource forcefully closed/removed all connections.
2020-07-28 17:35:07,136 0      [           main] DEBUG ache.ibatis.logging.LogFactory  - Logging initialized using 'class org.apache.ibatis.logging.log4j.Log4jImpl' adapter.
2020-07-28 17:35:07,591 455    [           main] DEBUG source.pooled.PooledDataSource  - PooledDataSource forcefully closed/removed all connections.
2020-07-28 17:35:07,592 456    [           main] DEBUG source.pooled.PooledDataSource  - PooledDataSource forcefully closed/removed all connections.
2020-07-28 17:35:07,592 456    [           main] DEBUG source.pooled.PooledDataSource  - PooledDataSource forcefully closed/removed all connections.
2020-07-28 17:35:07,592 456    [           main] DEBUG source.pooled.PooledDataSource  - PooledDataSource forcefully closed/removed all connections.
2020-07-28 17:35:53,331 0      [           main] DEBUG ache.ibatis.logging.LogFactory  - Logging initialized using 'class org.apache.ibatis.logging.log4j.Log4jImpl' adapter.
2020-07-28 17:35:53,665 334    [           main] DEBUG source.pooled.PooledDataSource  - PooledDataSource forcefully closed/removed all connections.
2020-07-28 17:35:53,665 334    [           main] DEBUG source.pooled.PooledDataSource  - PooledDataSource forcefully closed/removed all connections.
2020-07-28 17:35:53,666 335    [           main] DEBUG source.pooled.PooledDataSource  - PooledDataSource forcefully closed/removed all connections.
2020-07-28 17:35:53,666 335    [           main] DEBUG source.pooled.PooledDataSource  - PooledDataSource forcefully closed/removed all connections.
2020-07-28 17:35:53,976 645    [           main] DEBUG ansaction.jdbc.JdbcTransaction  - Opening JDBC Connection
2020-07-28 17:35:54,967 1636   [           main] DEBUG source.pooled.PooledDataSource  - Created connection 63390.
2020-07-28 17:35:54,968 1637   [           main] DEBUG ansaction.jdbc.JdbcTransaction  - Setting autocommit to false on JDBC Connection [com.mysql.cj.jdbc.ConnectionImpl@f79e]
2020-07-28 17:35:54,973 1642   [           main] DEBUG o.IUserDao.findUserByCondition  - ==>  Preparing: and username=? 
2020-07-28 17:35:55,040 1709   [           main] DEBUG o.IUserDao.findUserByCondition  - ==> Parameters: 老王(String)
2020-07-28 17:35:55,070 1739   [           main] DEBUG ansaction.jdbc.JdbcTransaction  - Resetting autocommit to true on JDBC Connection [com.mysql.cj.jdbc.ConnectionImpl@f79e]
2020-07-28 17:35:55,070 1739   [           main] DEBUG ansaction.jdbc.JdbcTransaction  - Closing JDBC Connection [com.mysql.cj.jdbc.ConnectionImpl@f79e]
2020-07-28 17:35:55,071 1740   [           main] DEBUG source.pooled.PooledDataSource  - Returned connection 63390 to pool.
2020-07-28 17:36:47,277 0      [           main] DEBUG ache.ibatis.logging.LogFactory  - Logging initialized using 'class org.apache.ibatis.logging.log4j.Log4jImpl' adapter.
2020-07-28 17:36:47,665 388    [           main] DEBUG source.pooled.PooledDataSource  - PooledDataSource forcefully closed/removed all connections.
2020-07-28 17:36:47,665 388    [           main] DEBUG source.pooled.PooledDataSource  - PooledDataSource forcefully closed/removed all connections.
2020-07-28 17:36:47,666 389    [           main] DEBUG source.pooled.PooledDataSource  - PooledDataSource forcefully closed/removed all connections.
2020-07-28 17:36:47,666 389    [           main] DEBUG source.pooled.PooledDataSource  - PooledDataSource forcefully closed/removed all connections.
2020-07-28 17:36:47,932 655    [           main] DEBUG ansaction.jdbc.JdbcTransaction  - Opening JDBC Connection
2020-07-28 17:36:48,663 1386   [           main] DEBUG source.pooled.PooledDataSource  - Created connection 63390.
2020-07-28 17:36:48,666 1389   [           main] DEBUG ansaction.jdbc.JdbcTransaction  - Setting autocommit to false on JDBC Connection [com.mysql.cj.jdbc.ConnectionImpl@f79e]
2020-07-28 17:36:48,670 1393   [           main] DEBUG o.IUserDao.findUserByCondition  - ==>  Preparing: and username=? 
2020-07-28 17:36:48,754 1477   [           main] DEBUG o.IUserDao.findUserByCondition  - ==> Parameters: 老王(String)
2020-07-28 17:36:48,787 1510   [           main] DEBUG ansaction.jdbc.JdbcTransaction  - Resetting autocommit to true on JDBC Connection [com.mysql.cj.jdbc.ConnectionImpl@f79e]
2020-07-28 17:36:48,796 1519   [           main] DEBUG ansaction.jdbc.JdbcTransaction  - Closing JDBC Connection [com.mysql.cj.jdbc.ConnectionImpl@f79e]
2020-07-28 17:36:48,797 1520   [           main] DEBUG source.pooled.PooledDataSource  - Returned connection 63390 to pool.
2020-07-28 17:38:10,361 0      [           main] DEBUG ache.ibatis.logging.LogFactory  - Logging initialized using 'class org.apache.ibatis.logging.log4j.Log4jImpl' adapter.
2020-07-28 17:38:10,699 338    [           main] DEBUG source.pooled.PooledDataSource  - PooledDataSource forcefully closed/removed all connections.
2020-07-28 17:38:10,700 339    [           main] DEBUG source.pooled.PooledDataSource  - PooledDataSource forcefully closed/removed all connections.
2020-07-28 17:38:10,700 339    [           main] DEBUG source.pooled.PooledDataSource  - PooledDataSource forcefully closed/removed all connections.
2020-07-28 17:38:10,702 341    [           main] DEBUG source.pooled.PooledDataSource  - PooledDataSource forcefully closed/removed all connections.
2020-07-28 17:39:00,101 0      [           main] DEBUG ache.ibatis.logging.LogFactory  - Logging initialized using 'class org.apache.ibatis.logging.log4j.Log4jImpl' adapter.
2020-07-28 17:39:00,432 331    [           main] DEBUG source.pooled.PooledDataSource  - PooledDataSource forcefully closed/removed all connections.
2020-07-28 17:39:00,432 331    [           main] DEBUG source.pooled.PooledDataSource  - PooledDataSource forcefully closed/removed all connections.
2020-07-28 17:39:00,432 331    [           main] DEBUG source.pooled.PooledDataSource  - PooledDataSource forcefully closed/removed all connections.
2020-07-28 17:39:00,433 332    [           main] DEBUG source.pooled.PooledDataSource  - PooledDataSource forcefully closed/removed all connections.
2020-07-28 17:39:11,423 0      [           main] DEBUG ache.ibatis.logging.LogFactory  - Logging initialized using 'class org.apache.ibatis.logging.log4j.Log4jImpl' adapter.
2020-07-28 17:39:11,733 310    [           main] DEBUG source.pooled.PooledDataSource  - PooledDataSource forcefully closed/removed all connections.
2020-07-28 17:39:11,734 311    [           main] DEBUG source.pooled.PooledDataSource  - PooledDataSource forcefully closed/removed all connections.
2020-07-28 17:39:11,735 312    [           main] DEBUG source.pooled.PooledDataSource  - PooledDataSource forcefully closed/removed all connections.
2020-07-28 17:39:11,735 312    [           main] DEBUG source.pooled.PooledDataSource  - PooledDataSource forcefully closed/removed all connections.
2020-07-28 17:39:12,024 601    [           main] DEBUG ansaction.jdbc.JdbcTransaction  - Opening JDBC Connection
2020-07-28 17:39:12,937 1514   [           main] DEBUG source.pooled.PooledDataSource  - Created connection 63390.
2020-07-28 17:39:12,937 1514   [           main] DEBUG ansaction.jdbc.JdbcTransaction  - Setting autocommit to false on JDBC Connection [com.mysql.cj.jdbc.ConnectionImpl@f79e]
2020-07-28 17:39:12,942 1519   [           main] DEBUG o.IUserDao.findUserByCondition  - ==>  Preparing: and username=? 
2020-07-28 17:39:13,035 1612   [           main] DEBUG o.IUserDao.findUserByCondition  - ==> Parameters: 老王(String)
2020-07-28 17:39:13,090 1667   [           main] DEBUG ansaction.jdbc.JdbcTransaction  - Resetting autocommit to true on JDBC Connection [com.mysql.cj.jdbc.ConnectionImpl@f79e]
2020-07-28 17:39:13,092 1669   [           main] DEBUG ansaction.jdbc.JdbcTransaction  - Closing JDBC Connection [com.mysql.cj.jdbc.ConnectionImpl@f79e]
2020-07-28 17:39:13,092 1669   [           main] DEBUG source.pooled.PooledDataSource  - Returned connection 63390 to pool.
2020-07-28 17:39:59,189 0      [           main] DEBUG ache.ibatis.logging.LogFactory  - Logging initialized using 'class org.apache.ibatis.logging.log4j.Log4jImpl' adapter.
2020-07-28 17:39:59,510 321    [           main] DEBUG source.pooled.PooledDataSource  - PooledDataSource forcefully closed/removed all connections.
2020-07-28 17:39:59,510 321    [           main] DEBUG source.pooled.PooledDataSource  - PooledDataSource forcefully closed/removed all connections.
2020-07-28 17:39:59,510 321    [           main] DEBUG source.pooled.PooledDataSource  - PooledDataSource forcefully closed/removed all connections.
2020-07-28 17:39:59,511 322    [           main] DEBUG source.pooled.PooledDataSource  - PooledDataSource forcefully closed/removed all connections.
2020-07-28 17:39:59,822 633    [           main] DEBUG ansaction.jdbc.JdbcTransaction  - Opening JDBC Connection
2020-07-28 17:40:00,854 1665   [           main] DEBUG source.pooled.PooledDataSource  - Created connection 63390.
2020-07-28 17:40:00,854 1665   [           main] DEBUG ansaction.jdbc.JdbcTransaction  - Setting autocommit to false on JDBC Connection [com.mysql.cj.jdbc.ConnectionImpl@f79e]
2020-07-28 17:40:00,858 1669   [           main] DEBUG o.IUserDao.findUserByCondition  - ==>  Preparing: select * from user where 1=1 and username=? 
2020-07-28 17:40:00,968 1779   [           main] DEBUG o.IUserDao.findUserByCondition  - ==> Parameters: 老王(String)
2020-07-28 17:40:01,024 1835   [           main] DEBUG ansaction.jdbc.JdbcTransaction  - Resetting autocommit to true on JDBC Connection [com.mysql.cj.jdbc.ConnectionImpl@f79e]
2020-07-28 17:40:01,025 1836   [           main] DEBUG ansaction.jdbc.JdbcTransaction  - Closing JDBC Connection [com.mysql.cj.jdbc.ConnectionImpl@f79e]
2020-07-28 17:40:01,026 1837   [           main] DEBUG source.pooled.PooledDataSource  - Returned connection 63390 to pool.
2020-07-28 17:40:33,068 0      [           main] DEBUG ache.ibatis.logging.LogFactory  - Logging initialized using 'class org.apache.ibatis.logging.log4j.Log4jImpl' adapter.
2020-07-28 17:40:33,434 366    [           main] DEBUG source.pooled.PooledDataSource  - PooledDataSource forcefully closed/removed all connections.
2020-07-28 17:40:33,435 367    [           main] DEBUG source.pooled.PooledDataSource  - PooledDataSource forcefully closed/removed all connections.
2020-07-28 17:40:33,437 369    [           main] DEBUG source.pooled.PooledDataSource  - PooledDataSource forcefully closed/removed all connections.
2020-07-28 17:40:33,439 371    [           main] DEBUG source.pooled.PooledDataSource  - PooledDataSource forcefully closed/removed all connections.
2020-07-28 17:41:02,210 1      [           main] DEBUG ache.ibatis.logging.LogFactory  - Logging initialized using 'class org.apache.ibatis.logging.log4j.Log4jImpl' adapter.
2020-07-28 17:41:02,480 271    [           main] DEBUG source.pooled.PooledDataSource  - PooledDataSource forcefully closed/removed all connections.
2020-07-28 17:41:02,480 271    [           main] DEBUG source.pooled.PooledDataSource  - PooledDataSource forcefully closed/removed all connections.
2020-07-28 17:41:02,481 272    [           main] DEBUG source.pooled.PooledDataSource  - PooledDataSource forcefully closed/removed all connections.
2020-07-28 17:41:02,481 272    [           main] DEBUG source.pooled.PooledDataSource  - PooledDataSource forcefully closed/removed all connections.
2020-07-28 17:41:02,762 553    [           main] DEBUG ansaction.jdbc.JdbcTransaction  - Opening JDBC Connection
2020-07-28 17:41:03,797 1588   [           main] DEBUG source.pooled.PooledDataSource  - Created connection 63390.
2020-07-28 17:41:03,798 1589   [           main] DEBUG ansaction.jdbc.JdbcTransaction  - Setting autocommit to false on JDBC Connection [com.mysql.cj.jdbc.ConnectionImpl@f79e]
2020-07-28 17:41:03,805 1596   [           main] DEBUG o.IUserDao.findUserByCondition  - ==>  Preparing: select * from user where 1=1 and username=? 
2020-07-28 17:41:03,913 1704   [           main] DEBUG o.IUserDao.findUserByCondition  - ==> Parameters: 老王(String)
2020-07-28 17:41:03,966 1757   [           main] DEBUG o.IUserDao.findUserByCondition  - <==      Total: 1
2020-07-28 17:41:03,971 1762   [           main] DEBUG ansaction.jdbc.JdbcTransaction  - Resetting autocommit to true on JDBC Connection [com.mysql.cj.jdbc.ConnectionImpl@f79e]
2020-07-28 17:41:03,972 1763   [           main] DEBUG ansaction.jdbc.JdbcTransaction  - Closing JDBC Connection [com.mysql.cj.jdbc.ConnectionImpl@f79e]
2020-07-28 17:41:03,972 1763   [           main] DEBUG source.pooled.PooledDataSource  - Returned connection 63390 to pool.
2020-07-28 17:43:33,641 0      [           main] DEBUG ache.ibatis.logging.LogFactory  - Logging initialized using 'class org.apache.ibatis.logging.log4j.Log4jImpl' adapter.
2020-07-28 17:43:33,909 268    [           main] DEBUG source.pooled.PooledDataSource  - PooledDataSource forcefully closed/removed all connections.
2020-07-28 17:43:33,910 269    [           main] DEBUG source.pooled.PooledDataSource  - PooledDataSource forcefully closed/removed all connections.
2020-07-28 17:43:33,910 269    [           main] DEBUG source.pooled.PooledDataSource  - PooledDataSource forcefully closed/removed all connections.
2020-07-28 17:43:33,912 271    [           main] DEBUG source.pooled.PooledDataSource  - PooledDataSource forcefully closed/removed all connections.
2020-07-28 17:43:34,335 694    [           main] DEBUG ansaction.jdbc.JdbcTransaction  - Opening JDBC Connection
2020-07-28 17:43:35,370 1729   [           main] DEBUG source.pooled.PooledDataSource  - Created connection 504858437.
2020-07-28 17:43:35,370 1729   [           main] DEBUG ansaction.jdbc.JdbcTransaction  - Setting autocommit to false on JDBC Connection [com.mysql.cj.jdbc.ConnectionImpl@1e178745]
2020-07-28 17:43:35,377 1736   [           main] DEBUG o.IUserDao.findUserByCondition  - ==>  Preparing: select * from user where 1=1 and username=? 
2020-07-28 17:43:35,539 1898   [           main] DEBUG o.IUserDao.findUserByCondition  - ==> Parameters: 老王(String)
2020-07-28 17:43:35,600 1959   [           main] DEBUG o.IUserDao.findUserByCondition  - <==      Total: 1
2020-07-28 17:43:35,609 1968   [           main] DEBUG ansaction.jdbc.JdbcTransaction  - Resetting autocommit to true on JDBC Connection [com.mysql.cj.jdbc.ConnectionImpl@1e178745]
2020-07-28 17:43:35,611 1970   [           main] DEBUG ansaction.jdbc.JdbcTransaction  - Closing JDBC Connection [com.mysql.cj.jdbc.ConnectionImpl@1e178745]
2020-07-28 17:43:35,612 1971   [           main] DEBUG source.pooled.PooledDataSource  - Returned connection 504858437 to pool.
2020-07-28 18:16:47,386 0      [           main] DEBUG ache.ibatis.logging.LogFactory  - Logging initialized using 'class org.apache.ibatis.logging.log4j.Log4jImpl' adapter.
2020-07-28 18:16:48,016 630    [           main] DEBUG source.pooled.PooledDataSource  - PooledDataSource forcefully closed/removed all connections.
2020-07-28 18:16:48,016 630    [           main] DEBUG source.pooled.PooledDataSource  - PooledDataSource forcefully closed/removed all connections.
2020-07-28 18:16:48,016 630    [           main] DEBUG source.pooled.PooledDataSource  - PooledDataSource forcefully closed/removed all connections.
2020-07-28 18:16:48,016 630    [           main] DEBUG source.pooled.PooledDataSource  - PooledDataSource forcefully closed/removed all connections.
2020-07-28 18:16:48,254 868    [           main] DEBUG ansaction.jdbc.JdbcTransaction  - Opening JDBC Connection
2020-07-28 18:16:49,033 1647   [           main] DEBUG source.pooled.PooledDataSource  - Created connection 1866850137.
2020-07-28 18:16:49,033 1647   [           main] DEBUG ansaction.jdbc.JdbcTransaction  - Setting autocommit to false on JDBC Connection [com.mysql.cj.jdbc.ConnectionImpl@6f45df59]
2020-07-28 18:16:49,036 1650   [           main] DEBUG tis.dao.IUserDao.findUserInIds  - ==>  Preparing: select * from user WHERE id in ( ? , ? ) 
2020-07-28 18:16:49,126 1740   [           main] DEBUG tis.dao.IUserDao.findUserInIds  - ==> Parameters: 41(Integer), 42(Integer)
2020-07-28 18:16:49,184 1798   [           main] DEBUG tis.dao.IUserDao.findUserInIds  - <==      Total: 2
2020-07-28 18:16:49,189 1803   [           main] DEBUG ansaction.jdbc.JdbcTransaction  - Resetting autocommit to true on JDBC Connection [com.mysql.cj.jdbc.ConnectionImpl@6f45df59]
2020-07-28 18:16:49,190 1804   [           main] DEBUG ansaction.jdbc.JdbcTransaction  - Closing JDBC Connection [com.mysql.cj.jdbc.ConnectionImpl@6f45df59]
2020-07-28 18:16:49,190 1804   [           main] DEBUG source.pooled.PooledDataSource  - Returned connection 1866850137 to pool.
